<?xml version="1.0" encoding="UTF-8"?>
<testng-results ignored="0" total="1" passed="1" failed="0" skipped="0">
  <reporter-output>
  </reporter-output>
  <suite started-at="2023-03-10T15:34:11 IST" name="Default suite" finished-at="2023-03-10T15:34:11 IST" duration-ms="31">
    <groups>
    </groups>
    <test started-at="2023-03-10T15:34:11 IST" name="Default test" finished-at="2023-03-10T15:34:11 IST" duration-ms="31">
      <class name="reference.Class1">
        <test-method signature="class1()[pri:0, instance:reference.Class1@14555e0a]" started-at="2023-03-10T15:34:11 IST" name="class1" finished-at="2023-03-10T15:34:11 IST" duration-ms="6" status="PASS">
          <reporter-output>
          </reporter-output>
        </test-method> <!-- class1 -->
      </class> <!-- reference.Class1 -->
    </test> <!-- Default test -->
  </suite> <!-- Default suite -->
</testng-results>
